{"/home/erwan/code/cicd-projet1/server/database/models/user.model.js": {"path":"/home/erwan/code/cicd-projet1/server/database/models/user.model.js","statementMap":{"0":{"start":{"line":1,"column":17},"end":{"line":1,"column":36}},"1":{"start":{"line":3,"column":19},"end":{"line":7,"column":2}},"2":{"start":{"line":9,"column":18},"end":{"line":9,"column":52}},"3":{"start":{"line":11,"column":0},"end":{"line":11,"column":27}}},"fnMap":{},"branchMap":{},"s":{"0":2,"1":2,"2":2,"3":2},"f":{},"b":{},"_coverageSchema":"1a1c01bbd47fc00a2c39e90264f33305004495a9","hash":"018e617def69c5bd419e432225cce5125721bbcd"}
,"/home/erwan/code/cicd-projet1/server/env/keys/index.js": {"path":"/home/erwan/code/cicd-projet1/server/env/keys/index.js","statementMap":{"0":{"start":{"line":1,"column":11},"end":{"line":1,"column":24}},"1":{"start":{"line":3,"column":0},"end":{"line":6,"column":1}}},"fnMap":{},"branchMap":{},"s":{"0":2,"1":2},"f":{},"b":{},"_coverageSchema":"1a1c01bbd47fc00a2c39e90264f33305004495a9","hash":"1c4232e8468e5e9ff5fc9d917cf532b9493c9775"}
,"/home/erwan/code/cicd-projet1/server/routes/auth.api.js": {"path":"/home/erwan/code/cicd-projet1/server/routes/auth.api.js","statementMap":{"0":{"start":{"line":1,"column":15},"end":{"line":1,"column":42}},"1":{"start":{"line":2,"column":18},"end":{"line":2,"column":58}},"2":{"start":{"line":3,"column":15},"end":{"line":3,"column":32}},"3":{"start":{"line":4,"column":21},"end":{"line":4,"column":44}},"4":{"start":{"line":5,"column":16},"end":{"line":5,"column":38}},"5":{"start":{"line":7,"column":0},"end":{"line":25,"column":3}},"6":{"start":{"line":8,"column":15},"end":{"line":8,"column":23}},"7":{"start":{"line":9,"column":15},"end":{"line":9,"column":68}},"8":{"start":{"line":10,"column":2},"end":{"line":24,"column":3}},"9":{"start":{"line":11,"column":4},"end":{"line":21,"column":5}},"10":{"start":{"line":12,"column":20},"end":{"line":16,"column":8}},"11":{"start":{"line":17,"column":6},"end":{"line":17,"column":33}},"12":{"start":{"line":18,"column":6},"end":{"line":18,"column":21}},"13":{"start":{"line":20,"column":6},"end":{"line":20,"column":60}},"14":{"start":{"line":23,"column":4},"end":{"line":23,"column":58}},"15":{"start":{"line":27,"column":0},"end":{"line":30,"column":3}},"16":{"start":{"line":28,"column":2},"end":{"line":28,"column":27}},"17":{"start":{"line":29,"column":2},"end":{"line":29,"column":12}},"18":{"start":{"line":32,"column":0},"end":{"line":32,"column":24}}},"fnMap":{"0":{"name":"(anonymous_0)","decl":{"start":{"line":7,"column":17},"end":{"line":7,"column":18}},"loc":{"start":{"line":7,"column":37},"end":{"line":25,"column":1}},"line":7},"1":{"name":"(anonymous_1)","decl":{"start":{"line":27,"column":19},"end":{"line":27,"column":20}},"loc":{"start":{"line":27,"column":39},"end":{"line":30,"column":1}},"line":27}},"branchMap":{"0":{"loc":{"start":{"line":10,"column":2},"end":{"line":24,"column":3}},"type":"if","locations":[{"start":{"line":10,"column":2},"end":{"line":24,"column":3}},{"start":{"line":22,"column":9},"end":{"line":24,"column":3}}],"line":10},"1":{"loc":{"start":{"line":11,"column":4},"end":{"line":21,"column":5}},"type":"if","locations":[{"start":{"line":11,"column":4},"end":{"line":21,"column":5}},{"start":{"line":19,"column":11},"end":{"line":21,"column":5}}],"line":11}},"s":{"0":1,"1":1,"2":1,"3":1,"4":1,"5":1,"6":2,"7":2,"8":2,"9":1,"10":1,"11":1,"12":1,"13":0,"14":1,"15":1,"16":1,"17":1,"18":1},"f":{"0":2,"1":1},"b":{"0":[1,1],"1":[1,0]},"_coverageSchema":"1a1c01bbd47fc00a2c39e90264f33305004495a9","hash":"6af1d846f56bb0cf99b080dfb208f0cba368b143"}
,"/home/erwan/code/cicd-projet1/server/routes/user.api.js": {"path":"/home/erwan/code/cicd-projet1/server/routes/user.api.js","statementMap":{"0":{"start":{"line":1,"column":15},"end":{"line":1,"column":42}},"1":{"start":{"line":2,"column":18},"end":{"line":2,"column":58}},"2":{"start":{"line":3,"column":15},"end":{"line":3,"column":32}},"3":{"start":{"line":4,"column":21},"end":{"line":4,"column":44}},"4":{"start":{"line":5,"column":19},"end":{"line":5,"column":41}},"5":{"start":{"line":7,"column":0},"end":{"line":20,"column":3}},"6":{"start":{"line":8,"column":15},"end":{"line":8,"column":23}},"7":{"start":{"line":9,"column":15},"end":{"line":13,"column":4}},"8":{"start":{"line":14,"column":2},"end":{"line":19,"column":3}},"9":{"start":{"line":15,"column":4},"end":{"line":15,"column":22}},"10":{"start":{"line":16,"column":4},"end":{"line":16,"column":19}},"11":{"start":{"line":18,"column":4},"end":{"line":18,"column":57}},"12":{"start":{"line":22,"column":0},"end":{"line":41,"column":3}},"13":{"start":{"line":23,"column":16},"end":{"line":23,"column":34}},"14":{"start":{"line":24,"column":2},"end":{"line":40,"column":3}},"15":{"start":{"line":25,"column":4},"end":{"line":37,"column":5}},"16":{"start":{"line":26,"column":27},"end":{"line":26,"column":61}},"17":{"start":{"line":27,"column":19},"end":{"line":29,"column":15}},"18":{"start":{"line":30,"column":6},"end":{"line":34,"column":7}},"19":{"start":{"line":31,"column":8},"end":{"line":31,"column":23}},"20":{"start":{"line":33,"column":8},"end":{"line":33,"column":23}},"21":{"start":{"line":36,"column":6},"end":{"line":36,"column":21}},"22":{"start":{"line":39,"column":4},"end":{"line":39,"column":19}},"23":{"start":{"line":43,"column":0},"end":{"line":43,"column":24}}},"fnMap":{"0":{"name":"(anonymous_0)","decl":{"start":{"line":7,"column":17},"end":{"line":7,"column":18}},"loc":{"start":{"line":7,"column":37},"end":{"line":20,"column":1}},"line":7},"1":{"name":"(anonymous_1)","decl":{"start":{"line":22,"column":23},"end":{"line":22,"column":24}},"loc":{"start":{"line":22,"column":43},"end":{"line":41,"column":1}},"line":22}},"branchMap":{"0":{"loc":{"start":{"line":24,"column":2},"end":{"line":40,"column":3}},"type":"if","locations":[{"start":{"line":24,"column":2},"end":{"line":40,"column":3}},{"start":{"line":38,"column":9},"end":{"line":40,"column":3}}],"line":24},"1":{"loc":{"start":{"line":30,"column":6},"end":{"line":34,"column":7}},"type":"if","locations":[{"start":{"line":30,"column":6},"end":{"line":34,"column":7}},{"start":{"line":32,"column":13},"end":{"line":34,"column":7}}],"line":30}},"s":{"0":1,"1":1,"2":1,"3":1,"4":1,"5":1,"6":1,"7":1,"8":1,"9":1,"10":1,"11":0,"12":1,"13":4,"14":4,"15":3,"16":3,"17":1,"18":1,"19":1,"20":0,"21":2,"22":1,"23":1},"f":{"0":1,"1":4},"b":{"0":[3,1],"1":[1,0]},"_coverageSchema":"1a1c01bbd47fc00a2c39e90264f33305004495a9","hash":"f4e70adb426c85457cb3d262ccd2e786e52aa3b9"}
}
