TN:
SF:database/models/user.model.js
FNF:0
FNH:0
DA:1,2
DA:3,2
DA:9,2
DA:11,2
LF:4
LH:4
BRF:0
BRH:0
end_of_record
TN:
SF:env/keys/index.js
FNF:0
FNH:0
DA:1,2
DA:3,2
LF:2
LH:2
BRF:0
BRH:0
end_of_record
TN:
SF:routes/auth.api.js
FN:7,(anonymous_0)
FN:27,(anonymous_1)
FNF:2
FNH:2
FNDA:2,(anonymous_0)
FNDA:1,(anonymous_1)
DA:1,1
DA:2,1
DA:3,1
DA:4,1
DA:5,1
DA:7,1
DA:8,2
DA:9,2
DA:10,2
DA:11,1
DA:12,1
DA:17,1
DA:18,1
DA:20,0
DA:23,1
DA:27,1
DA:28,1
DA:29,1
DA:32,1
LF:19
LH:18
BRDA:10,0,0,1
BRDA:10,0,1,1
BRDA:11,1,0,1
BRDA:11,1,1,0
BRF:4
BRH:3
end_of_record
TN:
SF:routes/user.api.js
FN:7,(anonymous_0)
FN:22,(anonymous_1)
FNF:2
FNH:2
FNDA:1,(anonymous_0)
FNDA:4,(anonymous_1)
DA:1,1
DA:2,1
DA:3,1
DA:4,1
DA:5,1
DA:7,1
DA:8,1
DA:9,1
DA:14,1
DA:15,1
DA:16,1
DA:18,0
DA:22,1
DA:23,4
DA:24,4
DA:25,3
DA:26,3
DA:27,1
DA:30,1
DA:31,1
DA:33,0
DA:36,2
DA:39,1
DA:43,1
LF:24
LH:22
BRDA:24,0,0,3
BRDA:24,0,1,1
BRDA:30,1,0,1
BRDA:30,1,1,0
BRF:4
BRH:3
end_of_record
